<?xml version="1.0" encoding="UTF-8"?>
<testng-results skipped="0" failed="0" total="1" passed="1">
  <reporter-output>
    <line>
      <![CDATA[Successfully configured the log files]]>
    </line>
    <line>
      <![CDATA[[INFO]   Running on machine - IP == 192.168.0.15]]>
    </line>
    <line>
      <![CDATA[Successfully closed the existing chrome browsers if any]]>
    </line>
    <line>
      <![CDATA[Successfully opened the chrome browser]]>
    </line>
    <line>
      <![CDATA[Successfully opened the AUT]]>
    </line>
    <line>
      <![CDATA[<img src="file://C:\ethoca_screens\screen_1.jpg" alt=""/>]]>
    </line>
    <line>
      <![CDATA[[INFO]   taking screen capture in catch statement - fnScreenCapture - <img src="file://C:\ethoca_screens\screen_1.jpg" alt=""/>]]>
    </line>
    <line>
      <![CDATA[Found Product Category link]]>
    </line>
    <line>
      <![CDATA[Found Accessories link]]>
    </line>
    <line>
      <![CDATA[<img src="file://C:\ethoca_screens\screen_2.jpg" alt=""/>]]>
    </line>
    <line>
      <![CDATA[[INFO]   taking screen capture in catch statement - fnScreenCapture - <img src="file://C:\ethoca_screens\screen_2.jpg" alt=""/>]]>
    </line>
    <line>
      <![CDATA[Found Product - Magic Mouse]]>
    </line>
    <line>
      <![CDATA[Add to cart operation successful]]>
    </line>
    <line>
      <![CDATA[<img src="file://C:\ethoca_screens\screen_3.jpg" alt=""/>]]>
    </line>
    <line>
      <![CDATA[[INFO]   taking screen capture in catch statement - fnScreenCapture - <img src="file://C:\ethoca_screens\screen_3.jpg" alt=""/>]]>
    </line>
    <line>
      <![CDATA[Cart item count validation successful - Expected : 1 == Actual : 1]]>
    </line>
    <line>
      <![CDATA[<img src="file://C:\ethoca_screens\screen_4.jpg" alt=""/>]]>
    </line>
    <line>
      <![CDATA[[INFO]   taking screen capture in catch statement - fnScreenCapture - <img src="file://C:\ethoca_screens\screen_4.jpg" alt=""/>]]>
    </line>
    <line>
      <![CDATA[Successfully selected/clicked on the object Check Out]]>
    </line>
    <line>
      <![CDATA[<img src="file://C:\ethoca_screens\screen_5.jpg" alt=""/>]]>
    </line>
    <line>
      <![CDATA[[INFO]   taking screen capture in catch statement - fnScreenCapture - <img src="file://C:\ethoca_screens\screen_5.jpg" alt=""/>]]>
    </line>
    <line>
      <![CDATA[Successfully selected/clicked on the object Purchase]]>
    </line>
    <line>
      <![CDATA[<img src="file://C:\ethoca_screens\screen_6.jpg" alt=""/>]]>
    </line>
    <line>
      <![CDATA[[INFO]   taking screen capture in catch statement - fnScreenCapture - <img src="file://C:\ethoca_screens\screen_6.jpg" alt=""/>]]>
    </line>
    <line>
      <![CDATA[Entered the value : test.test@test.com - Field : Email Address]]>
    </line>
    <line>
      <![CDATA[Entered the value : Test_FirstName - Field : First Name]]>
    </line>
    <line>
      <![CDATA[Entered the value : Test_LastName - Field : Last Name]]>
    </line>
    <line>
      <![CDATA[Entered the value : Test_Address - Field : Address]]>
    </line>
    <line>
      <![CDATA[Entered the value : Test_City - Field : City]]>
    </line>
    <line>
      <![CDATA[Entered the value : Ontario - Field : State]]>
    </line>
    <line>
      <![CDATA[Selected the value : Canada - Field : Country]]>
    </line>
    <line>
      <![CDATA[Entered the value : M34T67 - Field : Postal Code]]>
    </line>
    <line>
      <![CDATA[Entered the value : 67678712 - Field : Phone]]>
    </line>
    <line>
      <![CDATA[Entered the value : Check - Field : Same as billing address]]>
    </line>
    <line>
      <![CDATA[<img src="file://C:\ethoca_screens\screen_7.jpg" alt=""/>]]>
    </line>
    <line>
      <![CDATA[[INFO]   taking screen capture in catch statement - fnScreenCapture - <img src="file://C:\ethoca_screens\screen_7.jpg" alt=""/>]]>
    </line>
    <line>
      <![CDATA[Successfully click on the Purchase button]]>
    </line>
    <line>
      <![CDATA[Successfully completed the transaction/order]]>
    </line>
    <line>
      <![CDATA[<img src="file://C:\ethoca_screens\screen_8.jpg" alt=""/>]]>
    </line>
    <line>
      <![CDATA[[INFO]   taking screen capture in catch statement - fnScreenCapture - <img src="file://C:\ethoca_screens\screen_8.jpg" alt=""/>]]>
    </line>
  </reporter-output>
  <suite name="Default suite" duration-ms="145602" started-at="2018-04-23T09:19:57Z" finished-at="2018-04-23T09:22:23Z">
    <groups>
    </groups>
    <test name="Default test" duration-ms="145602" started-at="2018-04-23T09:19:57Z" finished-at="2018-04-23T09:22:23Z">
      <class name="com.test.etochaTestProject.EtochaTest">
        <test-method status="PASS" signature="beforeTest()[pri:0, instance:com.test.etochaTestProject.EtochaTest@31ef45e3]" name="beforeTest" is-config="true" duration-ms="1376" started-at="2018-04-23T05:19:57Z" finished-at="2018-04-23T05:19:58Z">
          <reporter-output>
            <line>
              <![CDATA[Successfully configured the log files]]>
            </line>
            <line>
              <![CDATA[[INFO]   Running on machine - IP == 192.168.0.15]]>
            </line>
            <line>
              <![CDATA[Successfully closed the existing chrome browsers if any]]>
            </line>
          </reporter-output>
        </test-method> <!-- beforeTest -->
        <test-method status="PASS" signature="productOrder_Validation()[pri:0, instance:com.test.etochaTestProject.EtochaTest@31ef45e3]" name="productOrder_Validation" duration-ms="139819" started-at="2018-04-23T05:19:58Z" finished-at="2018-04-23T05:22:18Z">
          <reporter-output>
            <line>
              <![CDATA[Successfully opened the chrome browser]]>
            </line>
            <line>
              <![CDATA[Successfully opened the AUT]]>
            </line>
            <line>
              <![CDATA[<img src="file://C:\ethoca_screens\screen_1.jpg" alt=""/>]]>
            </line>
            <line>
              <![CDATA[[INFO]   taking screen capture in catch statement - fnScreenCapture - <img src="file://C:\ethoca_screens\screen_1.jpg" alt=""/>]]>
            </line>
            <line>
              <![CDATA[Found Product Category link]]>
            </line>
            <line>
              <![CDATA[Found Accessories link]]>
            </line>
            <line>
              <![CDATA[<img src="file://C:\ethoca_screens\screen_2.jpg" alt=""/>]]>
            </line>
            <line>
              <![CDATA[[INFO]   taking screen capture in catch statement - fnScreenCapture - <img src="file://C:\ethoca_screens\screen_2.jpg" alt=""/>]]>
            </line>
            <line>
              <![CDATA[Found Product - Magic Mouse]]>
            </line>
            <line>
              <![CDATA[Add to cart operation successful]]>
            </line>
            <line>
              <![CDATA[<img src="file://C:\ethoca_screens\screen_3.jpg" alt=""/>]]>
            </line>
            <line>
              <![CDATA[[INFO]   taking screen capture in catch statement - fnScreenCapture - <img src="file://C:\ethoca_screens\screen_3.jpg" alt=""/>]]>
            </line>
            <line>
              <![CDATA[Cart item count validation successful - Expected : 1 == Actual : 1]]>
            </line>
            <line>
              <![CDATA[<img src="file://C:\ethoca_screens\screen_4.jpg" alt=""/>]]>
            </line>
            <line>
              <![CDATA[[INFO]   taking screen capture in catch statement - fnScreenCapture - <img src="file://C:\ethoca_screens\screen_4.jpg" alt=""/>]]>
            </line>
            <line>
              <![CDATA[Successfully selected/clicked on the object Check Out]]>
            </line>
            <line>
              <![CDATA[<img src="file://C:\ethoca_screens\screen_5.jpg" alt=""/>]]>
            </line>
            <line>
              <![CDATA[[INFO]   taking screen capture in catch statement - fnScreenCapture - <img src="file://C:\ethoca_screens\screen_5.jpg" alt=""/>]]>
            </line>
            <line>
              <![CDATA[Successfully selected/clicked on the object Purchase]]>
            </line>
            <line>
              <![CDATA[<img src="file://C:\ethoca_screens\screen_6.jpg" alt=""/>]]>
            </line>
            <line>
              <![CDATA[[INFO]   taking screen capture in catch statement - fnScreenCapture - <img src="file://C:\ethoca_screens\screen_6.jpg" alt=""/>]]>
            </line>
            <line>
              <![CDATA[Entered the value : test.test@test.com - Field : Email Address]]>
            </line>
            <line>
              <![CDATA[Entered the value : Test_FirstName - Field : First Name]]>
            </line>
            <line>
              <![CDATA[Entered the value : Test_LastName - Field : Last Name]]>
            </line>
            <line>
              <![CDATA[Entered the value : Test_Address - Field : Address]]>
            </line>
            <line>
              <![CDATA[Entered the value : Test_City - Field : City]]>
            </line>
            <line>
              <![CDATA[Entered the value : Ontario - Field : State]]>
            </line>
            <line>
              <![CDATA[Selected the value : Canada - Field : Country]]>
            </line>
            <line>
              <![CDATA[Entered the value : M34T67 - Field : Postal Code]]>
            </line>
            <line>
              <![CDATA[Entered the value : 67678712 - Field : Phone]]>
            </line>
            <line>
              <![CDATA[Entered the value : Check - Field : Same as billing address]]>
            </line>
            <line>
              <![CDATA[<img src="file://C:\ethoca_screens\screen_7.jpg" alt=""/>]]>
            </line>
            <line>
              <![CDATA[[INFO]   taking screen capture in catch statement - fnScreenCapture - <img src="file://C:\ethoca_screens\screen_7.jpg" alt=""/>]]>
            </line>
            <line>
              <![CDATA[Successfully click on the Purchase button]]>
            </line>
            <line>
              <![CDATA[Successfully completed the transaction/order]]>
            </line>
            <line>
              <![CDATA[<img src="file://C:\ethoca_screens\screen_8.jpg" alt=""/>]]>
            </line>
            <line>
              <![CDATA[[INFO]   taking screen capture in catch statement - fnScreenCapture - <img src="file://C:\ethoca_screens\screen_8.jpg" alt=""/>]]>
            </line>
          </reporter-output>
        </test-method> <!-- productOrder_Validation -->
        <test-method status="PASS" signature="afterTest()[pri:0, instance:com.test.etochaTestProject.EtochaTest@31ef45e3]" name="afterTest" is-config="true" duration-ms="4360" started-at="2018-04-23T05:22:18Z" finished-at="2018-04-23T05:22:23Z">
          <reporter-output>
          </reporter-output>
        </test-method> <!-- afterTest -->
      </class> <!-- com.test.etochaTestProject.EtochaTest -->
    </test> <!-- Default test -->
  </suite> <!-- Default suite -->
</testng-results>
